c:\users\index\source\repos\pr11_ex1_2_3_4\debug\vc142.pdb
c:\users\index\source\repos\pr11_ex1_2_3_4\debug\vc142.idb
c:\users\index\source\repos\pr11_ex1_2_3_4\debug\pr11_ex1_2_3.obj
c:\users\index\source\repos\pr11_ex1_2_3_4\debug\pr11_ex1_2_3.ilk
c:\users\index\source\repos\pr11_ex1_2_3_4\debug\pr11_ex1_2_3.exe
c:\users\index\source\repos\pr11_ex1_2_3_4\debug\pr11_ex1_2_3.pdb
c:\users\index\source\repos\cpp\pr11_ex1_2_3_4\debug\pr11_ex1_2_3.obj
c:\users\index\source\repos\cpp\pr11_ex1_2_3_4\debug\pr11_ex1_2_3_4.obj
c:\users\index\source\repos\cpp\pr11_ex1_2_3_4\debug\pr11_ex1_2_3.ilk
c:\users\index\source\repos\cpp\pr11_ex1_2_3_4\debug\pr11_ex1_2_3_4.ilk
c:\users\index\source\repos\cpp\pr11_ex1_2_3_4\debug\vc142.idb
c:\users\index\source\repos\cpp\pr11_ex1_2_3_4\debug\pr11_ex1_2_3.pdb
c:\users\index\source\repos\cpp\pr11_ex1_2_3_4\debug\vc142.pdb
c:\users\index\source\repos\cpp\pr11_ex1_2_3_4\debug\pr11_ex1_2_3.exe
c:\users\index\source\repos\cpp\pr11_ex1_2_3_4\debug\pr11_ex1_2_3.tlog\cl.command.1.tlog
c:\users\index\source\repos\cpp\pr11_ex1_2_3_4\debug\pr11_ex1_2_3.tlog\cl.read.1.tlog
c:\users\index\source\repos\cpp\pr11_ex1_2_3_4\debug\pr11_ex1_2_3.tlog\cl.write.1.tlog
c:\users\index\source\repos\cpp\pr11_ex1_2_3_4\debug\pr11_ex1_2_3.tlog\link.command.1.tlog
c:\users\index\source\repos\cpp\pr11_ex1_2_3_4\debug\pr11_ex1_2_3.tlog\link.read.1.tlog
c:\users\index\source\repos\cpp\pr11_ex1_2_3_4\debug\pr11_ex1_2_3.tlog\link.write.1.tlog
